<?xml version="1.0" encoding="UTF-8"?>
<!-- Generated by org.testng.reporters.JUnitReportReporter -->
<testsuite hostname="LHTU05CG7390JM6" name="Assignments.Question2ListenerTestCase" tests="2" failures="0" timestamp="20 May 2019 11:58:54 GMT" time="0.033" errors="0">
  <testcase name="PassingTest" time="0.003" classname="Assignments.Question2ListenerTestCase"/>
  <testcase name="FailingTest" time="0.030" classname="Assignments.Question2ListenerTestCase"/>
</testsuite> <!-- Assignments.Question2ListenerTestCase -->
