<?xml version="1.0" encoding="UTF-8"?>
<!-- Generated by org.testng.reporters.JUnitReportReporter -->
<testsuite hostname="LHTU05CG7390JM6" name="Assignments.ListenerTestCase" tests="2" failures="0" timestamp="16 May 2019 18:22:52 GMT" time="0.031" errors="0">
  <testcase name="FailingTest" time="0.031" classname="Assignments.ListenerTestCase"/>
  <testcase name="PassingTest" time="0.000" classname="Assignments.ListenerTestCase"/>
</testsuite> <!-- Assignments.ListenerTestCase -->
