<?xml version="1.0" encoding="UTF-8"?>
<!-- Generated by org.testng.reporters.JUnitReportReporter -->
<testsuite hostname="LHTU05CG7390JM6" name="Assignments.ListenerTestCase" tests="2" failures="0" timestamp="16 May 2019 17:46:28 GMT" time="0.020" errors="0">
  <testcase name="FailingTest" time="0.016" classname="Assignments.ListenerTestCase"/>
  <testcase name="PassingTest" time="0.004" classname="Assignments.ListenerTestCase"/>
</testsuite> <!-- Assignments.ListenerTestCase -->
